{"level":"info","message":"Sunucu 1111 portunda çalışıyor http://localhost:1111"}
{"level":"info","message":"Sunucu 1111 portunda çalışıyor http://localhost:1111"}
{"level":"info","message":"Sunucu 1111 portunda çalışıyor http://localhost:1111"}
{"level":"info","message":"Sunucu 1111 portunda çalışıyor http://localhost:1111"}
{"level":"info","message":"Sunucu 1111 portunda çalışıyor http://localhost:1111"}
{"level":"info","message":"Sunucu 1111 portunda çalışıyor http://localhost:1111"}
{"level":"info","message":"Sunucu 1111 portunda çalışıyor http://localhost:1111"}
{"level":"info","message":"Sunucu 1111 portunda çalışıyor http://localhost:1111"}
{"level":"info","message":"Sunucu 1111 portunda çalışıyor http://localhost:1111"}
{"level":"info","message":"Sunucu 1111 portunda çalışıyor http://localhost:1111"}
{"level":"info","message":"Sunucu 1111 portunda çalışıyor http://localhost:1111"}
{"level":"info","message":"Sunucu 1111 portunda çalışıyor http://localhost:1111"}
{"level":"info","message":"Sunucu 1111 portunda çalışıyor http://localhost:1111"}
{"level":"info","message":"Sunucu 1111 portunda çalışıyor http://localhost:1111"}
{"level":"info","message":{"_csrf":"oMVvkLNP-vkiBEl8dMmMcq0kQYjBbVsuD9-I","author":"asdasdas","content":"a","header":"asdasdasd","tags":"asdasdad"}}
{"level":"info","message":"Dolu gövde alındı."}
{"level":"info","message":{"_csrf":"oMVvkLNP-vkiBEl8dMmMcq0kQYjBbVsuD9-I","author":"asdasdas","content":"a","header":"asdasdasd","tags":"asdasdad"}}
{"level":"info","message":"Dolu gövde alındı."}
{"level":"info","message":"Sunucu 1111 portunda çalışıyor http://localhost:1111"}
{"level":"info","message":"Sunucu 1111 portunda çalışıyor http://localhost:1111"}
{"level":"info","message":"Sunucu 1111 portunda çalışıyor http://localhost:1111"}
{"level":"info","message":"Sunucu 1111 portunda çalışıyor http://localhost:1111"}
{"level":"info","message":"Sunucu 1111 portunda çalışıyor http://localhost:1111"}
{"level":"info","message":"Sunucu 1111 portunda çalışıyor http://localhost:1111"}
{"level":"info","message":"Sunucu 1111 portunda çalışıyor http://localhost:1111"}
{"level":"info","message":"Sunucu 1111 portunda çalışıyor http://localhost:1111"}
{"level":"info","message":"Sunucu 1111 portunda çalışıyor http://localhost:1111"}
{"level":"info","message":"Sunucu 1111 portunda çalışıyor http://localhost:1111"}
{"level":"info","message":"Sunucu 1111 portunda çalışıyor http://localhost:1111"}
{"level":"info","message":"Sunucu 1111 portunda çalışıyor http://localhost:1111"}
{"level":"info","message":"Sunucu 1111 portunda çalışıyor http://localhost:1111"}
{"level":"info","message":"Sunucu 1111 portunda çalışıyor http://localhost:1111"}
{"level":"info","message":"Sunucu 1111 portunda çalışıyor http://localhost:1111"}
{"level":"info","message":"Sunucu 1111 portunda çalışıyor http://localhost:1111"}
{"level":"info","message":"Sunucu 1111 portunda çalışıyor http://localhost:1111"}
{"level":"info","message":"Sunucu 1111 portunda çalışıyor http://localhost:1111"}
{"level":"info","message":"Sunucu 1111 portunda çalışıyor http://localhost:1111"}
{"level":"info","message":"Sunucu 1111 portunda çalışıyor http://localhost:1111"}
{"level":"info","message":"Sunucu 1111 portunda çalışıyor http://localhost:1111"}
{"level":"info","message":"Sunucu 1111 portunda çalışıyor http://localhost:1111"}
{"level":"info","message":{"_csrf":"7tikTJgD-UxEFOEUjhqBMTdmfbRsgT-AqYOA","author":"asdasdas","content":"a","header":"asdasdasd","tags":"asdasdad"}}
{"level":"info","message":"Dolu gövde alındı."}
{"level":"info","message":"Sunucu 1111 portunda çalışıyor http://localhost:1111"}
{"level":"info","message":"Sunucu 1111 portunda çalışıyor http://localhost:1111"}
{"level":"info","message":"Sunucu 1111 portunda çalışıyor http://localhost:1111"}
{"level":"info","message":{"_csrf":"WdMjy8Ca-4PSLHXZQSD4JsHev6BO9lMI6xu4","author":"Mehmet","content":"Blog metnim","header":"Baslik","tags":"react"}}
{"level":"info","message":"Dolu gövde alındı."}
{"level":"info","message":"Sunucu 1111 portunda çalışıyor http://localhost:1111"}
{"level":"info","message":"Sunucu 1111 portunda çalışıyor http://localhost:1111"}
{"level":"info","message":"Sunucu 1111 portunda çalışıyor http://localhost:1111"}
{"level":"info","message":{"_csrf":"GNLx1aYy-g2jUSWlufXGPEz5BE0bv7PkVPng","confirmPassword":"asds","email":"sdasd@gma.com","password":"asd","username":"meminba"}}
{"level":"info","message":"Dolu gövde alındı."}
{"level":"info","message":"Sunucu 1111 portunda çalışıyor http://localhost:1111"}
{"level":"info","message":{"_csrf":"PwmliAMf-mWMnCIuzs5-1vGHzEmEeHL15bMo","email":"mehmetbayrak@gmail.com","password":"12345","username":"mehmet"}}
{"level":"info","message":"Dolu gövde alındı."}
{"level":"info","message":"Sunucu 1111 portunda çalışıyor http://localhost:1111"}
{"level":"info","message":{"_csrf":"b5L03w8O-29JT4IRp6RR8zNJCDnXdSXQ468U","email":"mehmetbayrak@gmail.com","password":"1234","username":"mehmet"}}
{"level":"info","message":"Dolu gövde alındı."}
{"level":"info","message":{"_csrf":"wZ1Dht6H-bugBnfU50xU-XzyLyUM0_z5vk2Y","email":"meminbayrak55@gmail.com","password":"12345","username":"mehmetbayrak"}}
{"level":"info","message":"Dolu gövde alındı."}
{"level":"info","message":"Sunucu 1111 portunda çalışıyor http://localhost:1111"}
{"level":"info","message":"Sunucu 1111 portunda çalışıyor http://localhost:1111"}
{"level":"info","message":{"_csrf":"wZ1Dht6H-bugBnfU50xU-XzyLyUM0_z5vk2Y","email":"meminbayrak55@gmail.com","password":"12345","username":"mehmetbayrak"}}
{"level":"info","message":"Dolu gövde alındı."}
{"level":"info","message":{"_csrf":"1b3baSub-F6GJ9Xfk_LNd4hERJBLrK2CrOSA","email":"mehmetbayrak@gmail.com","password":"asd","username":"meminba"}}
{"level":"info","message":"Dolu gövde alındı."}
{"level":"info","message":{"_csrf":"1b3baSub-F6GJ9Xfk_LNd4hERJBLrK2CrOSA","email":"mehmetbayrak@gmail.com","password":"asd","username":"meminba"}}
{"level":"info","message":"Dolu gövde alındı."}
{"level":"info","message":{"_csrf":"1b3baSub-F6GJ9Xfk_LNd4hERJBLrK2CrOSA","email":"mehmetbayrak@gmail.com","password":"asd","username":"meminba"}}
{"level":"info","message":"Dolu gövde alındı."}
{"level":"info","message":"Sunucu 1111 portunda çalışıyor http://localhost:1111"}
{"level":"info","message":"Sunucu 1111 portunda çalışıyor http://localhost:1111"}
{"level":"info","message":"Sunucu 1111 portunda çalışıyor http://localhost:1111"}
{"level":"info","message":{"_csrf":"zC9oy0PX-oWCZ3rr6pFuDT2Aoz6kGD8E_Qb0","email":"meminbayrak55@gmail.com","password":"12345","username":"meminba"}}
{"level":"info","message":"Dolu gövde alındı."}
{"level":"info","message":"Sunucu 1111 portunda çalışıyor http://localhost:1111"}
{"level":"info","message":"Sunucu 1111 portunda çalışıyor http://localhost:1111"}
{"level":"info","message":"Sunucu 1111 portunda çalışıyor http://localhost:1111"}
{"level":"info","message":"Sunucu 1111 portunda çalışıyor http://localhost:1111"}
{"level":"info","message":"Sunucu 1111 portunda çalışıyor http://localhost:1111"}
{"level":"info","message":"Sunucu 1111 portunda çalışıyor http://localhost:1111"}
{"level":"info","message":{"_csrf":"APKeEqmN-3LD64UGi8BKmq-2rzvMZYALwTAM","email":"meminbayrak55@gmail.com","password":"12345","username":"meminba"}}
{"level":"info","message":"Dolu gövde alındı."}
{"level":"info","message":{"_csrf":"FXx5naeg-B572ENki0sPPJzdfirAvP_SDHdo","email":"meminbayrak55@gmail.com","password":"12345","username":"meminba"}}
{"level":"info","message":"Dolu gövde alındı."}
{"level":"info","message":"Sunucu 1111 portunda çalışıyor http://localhost:1111"}
{"level":"info","message":{"_csrf":"yonTqlkP-zR7OrTedxyhPaBVMULr54qhazBQ","email":"meminbayrak55@gmail.com","password":"12345","username":"meminba"}}
{"level":"info","message":"Dolu gövde alındı."}
{"email":"meminbayrak55@gmail.com","level":"info","message":"Blog register başarıyla kaydedildi:","password":"12345","username":"meminba"}
{"level":"info","message":{"_csrf":"yonTqlkP-zR7OrTedxyhPaBVMULr54qhazBQ","email":"meminbayrak55@gmail.com","password":"12345","username":"meminba"}}
{"level":"info","message":"Dolu gövde alındı."}
{"code":11000,"errorLabelSet":{},"errorResponse":{"code":11000,"errmsg":"E11000 duplicate key error collection: blogDB.users index: email_1 dup key: { email: \"meminbayrak55@gmail.com\" }","index":0,"keyPattern":{"email":1},"keyValue":{"email":"meminbayrak55@gmail.com"}},"index":0,"keyPattern":{"email":1},"keyValue":{"email":"meminbayrak55@gmail.com"},"level":"error","message":"Veritabanı hatası: E11000 duplicate key error collection: blogDB.users index: email_1 dup key: { email: \"meminbayrak55@gmail.com\" }","stack":"MongoServerError: E11000 duplicate key error collection: blogDB.users index: email_1 dup key: { email: \"meminbayrak55@gmail.com\" }\n    at InsertOneOperation.execute (C:\\Users\\memin\\Documents\\Web Projects\\techcareer-frontend-bootcamp\\node_modules\\mongodb\\lib\\operations\\insert.js:51:19)\n    at process.processTicksAndRejections (node:internal/process/task_queues:105:5)\n    at async tryOperation (C:\\Users\\memin\\Documents\\Web Projects\\techcareer-frontend-bootcamp\\node_modules\\mongodb\\lib\\operations\\execute_operation.js:207:20)\n    at async executeOperation (C:\\Users\\memin\\Documents\\Web Projects\\techcareer-frontend-bootcamp\\node_modules\\mongodb\\lib\\operations\\execute_operation.js:75:16)\n    at async Collection.insertOne (C:\\Users\\memin\\Documents\\Web Projects\\techcareer-frontend-bootcamp\\node_modules\\mongodb\\lib\\collection.js:157:16)"}
{"level":"info","message":{"_csrf":"yonTqlkP-zR7OrTedxyhPaBVMULr54qhazBQ","email":"meminbayrak55@gmail.com","password":"12345","username":"meminba"}}
{"level":"info","message":"Dolu gövde alındı."}
{"code":11000,"errorLabelSet":{},"errorResponse":{"code":11000,"errmsg":"E11000 duplicate key error collection: blogDB.users index: email_1 dup key: { email: \"meminbayrak55@gmail.com\" }","index":0,"keyPattern":{"email":1},"keyValue":{"email":"meminbayrak55@gmail.com"}},"index":0,"keyPattern":{"email":1},"keyValue":{"email":"meminbayrak55@gmail.com"},"level":"error","message":"Veritabanı hatası: E11000 duplicate key error collection: blogDB.users index: email_1 dup key: { email: \"meminbayrak55@gmail.com\" }","stack":"MongoServerError: E11000 duplicate key error collection: blogDB.users index: email_1 dup key: { email: \"meminbayrak55@gmail.com\" }\n    at InsertOneOperation.execute (C:\\Users\\memin\\Documents\\Web Projects\\techcareer-frontend-bootcamp\\node_modules\\mongodb\\lib\\operations\\insert.js:51:19)\n    at process.processTicksAndRejections (node:internal/process/task_queues:105:5)\n    at async tryOperation (C:\\Users\\memin\\Documents\\Web Projects\\techcareer-frontend-bootcamp\\node_modules\\mongodb\\lib\\operations\\execute_operation.js:207:20)\n    at async executeOperation (C:\\Users\\memin\\Documents\\Web Projects\\techcareer-frontend-bootcamp\\node_modules\\mongodb\\lib\\operations\\execute_operation.js:75:16)\n    at async Collection.insertOne (C:\\Users\\memin\\Documents\\Web Projects\\techcareer-frontend-bootcamp\\node_modules\\mongodb\\lib\\collection.js:157:16)"}
{"level":"info","message":"Sunucu 1111 portunda çalışıyor http://localhost:1111"}
{"level":"info","message":"Sunucu 1111 portunda çalışıyor http://localhost:1111"}
{"level":"info","message":"Sunucu 1111 portunda çalışıyor http://localhost:1111"}
{"level":"info","message":"Sunucu 1111 portunda çalışıyor http://localhost:1111"}
{"level":"info","message":"Sunucu 1111 portunda çalışıyor http://localhost:1111"}
{"level":"info","message":"Sunucu 1111 portunda çalışıyor http://localhost:1111"}
{"level":"info","message":"Sunucu 1111 portunda çalışıyor http://localhost:1111"}
{"level":"info","message":"Sunucu 1111 portunda çalışıyor http://localhost:1111"}
{"level":"info","message":"Sunucu 1111 portunda çalışıyor http://localhost:1111"}
{"level":"info","message":"Sunucu 1111 portunda çalışıyor http://localhost:1111"}
{"level":"info","message":"Sunucu 1111 portunda çalışıyor http://localhost:1111"}
